---
0x7a7362ce925e4f71d57264368cd81b157a9bd433:0x0 *
0x7a7362ce925e4f71d57264368cd81b157a9bd433:0x2 *
0x7a7362ce925e4f71d57264368cd81b157a9bd433:0x4 *
0x7a7362ce925e4f71d57264368cd81b157a9bd433:0x5 *
0x7a7362ce925e4f71d57264368cd81b157a9bd433:0x6 *
0x7a7362ce925e4f71d57264368cd81b157a9bd433:0x7 *
0x7a7362ce925e4f71d57264368cd81b157a9bd433:0x8 *
0x7a7362ce925e4f71d57264368cd81b157a9bd433:0xb *
0x7a7362ce925e4f71d57264368cd81b157a9bd433:0x10 *
0x7a7362ce925e4f71d57264368cd81b157a9bd433:0x11 *
0x7a7362ce925e4f71d57264368cd81b157a9bd433:0x12 *
0x7a7362ce925e4f71d57264368cd81b157a9bd433:0x15 *
0x7a7362ce925e4f71d57264368cd81b157a9bd433:0x16 *
0x7a7362ce925e4f71d57264368cd81b157a9bd433:0x19 *
0x7a7362ce925e4f71d57264368cd81b157a9bd433:0x1b *
0x7a7362ce925e4f71d57264368cd81b157a9bd433:0x1c *
0x7a7362ce925e4f71d57264368cd81b157a9bd433:0x1e *
---
0x7a7362ce925e4f71d57264368cd81b157a9bd433:0x0 
0x7a7362ce925e4f71d57264368cd81b157a9bd433:0x2 
0x7a7362ce925e4f71d57264368cd81b157a9bd433:0x4 
0x7a7362ce925e4f71d57264368cd81b157a9bd433:0x5 
0x7a7362ce925e4f71d57264368cd81b157a9bd433:0x7 
0x7a7362ce925e4f71d57264368cd81b157a9bd433:0x8 
0x7a7362ce925e4f71d57264368cd81b157a9bd433:0x9 
0x7a7362ce925e4f71d57264368cd81b157a9bd433:0xc 
0x7a7362ce925e4f71d57264368cd81b157a9bd433:0xd 
0x7a7362ce925e4f71d57264368cd81b157a9bd433:0xf 
0x7a7362ce925e4f71d57264368cd81b157a9bd433:0x10 
0x7a7362ce925e4f71d57264368cd81b157a9bd433:0x2e 
0x7a7362ce925e4f71d57264368cd81b157a9bd433:0x2f 
0x7a7362ce925e4f71d57264368cd81b157a9bd433:0x30 
0x7a7362ce925e4f71d57264368cd81b157a9bd433:0x35 
0x7a7362ce925e4f71d57264368cd81b157a9bd433:0x36 
0x7a7362ce925e4f71d57264368cd81b157a9bd433:0x37 
0x7a7362ce925e4f71d57264368cd81b157a9bd433:0x3c 
0x7a7362ce925e4f71d57264368cd81b157a9bd433:0x3d 
0x7a7362ce925e4f71d57264368cd81b157a9bd433:0x40 
0x7a7362ce925e4f71d57264368cd81b157a9bd433:0x41 
0x7a7362ce925e4f71d57264368cd81b157a9bd433:0x42 
0x7a7362ce925e4f71d57264368cd81b157a9bd433:0x47 
0x7a7362ce925e4f71d57264368cd81b157a9bd433:0x48 
0x7a7362ce925e4f71d57264368cd81b157a9bd433:0x4b 
0x7a7362ce925e4f71d57264368cd81b157a9bd433:0x4c 
0x7a7362ce925e4f71d57264368cd81b157a9bd433:0x4d 
0x7a7362ce925e4f71d57264368cd81b157a9bd433:0x52 
0x7a7362ce925e4f71d57264368cd81b157a9bd433:0x53 
0x7a7362ce925e4f71d57264368cd81b157a9bd433:0x56 
0x7a7362ce925e4f71d57264368cd81b157a9bd433:0x119 
0x7a7362ce925e4f71d57264368cd81b157a9bd433:0x11a 
0x7a7362ce925e4f71d57264368cd81b157a9bd433:0x11b 
0x7a7362ce925e4f71d57264368cd81b157a9bd433:0x11c 
0x7a7362ce925e4f71d57264368cd81b157a9bd433:0x11d 
0x7a7362ce925e4f71d57264368cd81b157a9bd433:0x120 
0x7a7362ce925e4f71d57264368cd81b157a9bd433:0x125 
0x7a7362ce925e4f71d57264368cd81b157a9bd433:0x126 
0x7a7362ce925e4f71d57264368cd81b157a9bd433:0x127 
0x7a7362ce925e4f71d57264368cd81b157a9bd433:0x12a 
0x7a7362ce925e4f71d57264368cd81b157a9bd433:0x12c 
0x7a7362ce925e4f71d57264368cd81b157a9bd433:0x12d 
0x7a7362ce925e4f71d57264368cd81b157a9bd433:0x12e 
0x7a7362ce925e4f71d57264368cd81b157a9bd433:0x12f 
0x7a7362ce925e4f71d57264368cd81b157a9bd433:0x130 
0x7a7362ce925e4f71d57264368cd81b157a9bd433:0x131 
0x7a7362ce925e4f71d57264368cd81b157a9bd433:0x132 
0x7a7362ce925e4f71d57264368cd81b157a9bd433:0x133 
0x7a7362ce925e4f71d57264368cd81b157a9bd433:0x134 
0x7a7362ce925e4f71d57264368cd81b157a9bd433:0x135 
0x7a7362ce925e4f71d57264368cd81b157a9bd433:0x14a 
0x7a7362ce925e4f71d57264368cd81b157a9bd433:0x14b 
0x7a7362ce925e4f71d57264368cd81b157a9bd433:0x14c 
0x7a7362ce925e4f71d57264368cd81b157a9bd433:0x14e 
0x7a7362ce925e4f71d57264368cd81b157a9bd433:0x14f 
0x7a7362ce925e4f71d57264368cd81b157a9bd433:0x150 
0x7a7362ce925e4f71d57264368cd81b157a9bd433:0x151 
0x7a7362ce925e4f71d57264368cd81b157a9bd433:0x152 
0x7a7362ce925e4f71d57264368cd81b157a9bd433:0x153 
0x7a7362ce925e4f71d57264368cd81b157a9bd433:0x154 
0x7a7362ce925e4f71d57264368cd81b157a9bd433:0x155 
0x7a7362ce925e4f71d57264368cd81b157a9bd433:0x156 
0x7a7362ce925e4f71d57264368cd81b157a9bd433:0x158 
0x7a7362ce925e4f71d57264368cd81b157a9bd433:0x159 
0x7a7362ce925e4f71d57264368cd81b157a9bd433:0x15a 
0x7a7362ce925e4f71d57264368cd81b157a9bd433:0x15b 
0x7a7362ce925e4f71d57264368cd81b157a9bd433:0x15c 
0x7a7362ce925e4f71d57264368cd81b157a9bd433:0x15d 
0x7a7362ce925e4f71d57264368cd81b157a9bd433:0x15e 
0x7a7362ce925e4f71d57264368cd81b157a9bd433:0x15f 
0x7a7362ce925e4f71d57264368cd81b157a9bd433:0x160 
0x7a7362ce925e4f71d57264368cd81b157a9bd433:0x163 
0x7a7362ce925e4f71d57264368cd81b157a9bd433:0x408 
0x7a7362ce925e4f71d57264368cd81b157a9bd433:0x409 
0x7a7362ce925e4f71d57264368cd81b157a9bd433:0x40a 
0x7a7362ce925e4f71d57264368cd81b157a9bd433:0x40c 
0x7a7362ce925e4f71d57264368cd81b157a9bd433:0x40d 
0x7a7362ce925e4f71d57264368cd81b157a9bd433:0x40e 
0x7a7362ce925e4f71d57264368cd81b157a9bd433:0x423 
0x7a7362ce925e4f71d57264368cd81b157a9bd433:0x424 
0x7a7362ce925e4f71d57264368cd81b157a9bd433:0x439 
0x7a7362ce925e4f71d57264368cd81b157a9bd433:0x43a 
0x7a7362ce925e4f71d57264368cd81b157a9bd433:0x43b 
0x7a7362ce925e4f71d57264368cd81b157a9bd433:0x43c 
0x7a7362ce925e4f71d57264368cd81b157a9bd433:0x43e 
0x7a7362ce925e4f71d57264368cd81b157a9bd433:0x43f 
0x7a7362ce925e4f71d57264368cd81b157a9bd433:0x440 
0x7a7362ce925e4f71d57264368cd81b157a9bd433:0x441 
0x7a7362ce925e4f71d57264368cd81b157a9bd433:0x442 
0x7a7362ce925e4f71d57264368cd81b157a9bd433:0x444 
0x7a7362ce925e4f71d57264368cd81b157a9bd433:0x445 
0x7a7362ce925e4f71d57264368cd81b157a9bd433:0x447 
0x7a7362ce925e4f71d57264368cd81b157a9bd433:0x448 
0x7a7362ce925e4f71d57264368cd81b157a9bd433:0x449 
0x7a7362ce925e4f71d57264368cd81b157a9bd433:0x44a 
0x7a7362ce925e4f71d57264368cd81b157a9bd433:0x44b 
0x7a7362ce925e4f71d57264368cd81b157a9bd433:0x44e 
0x7a7362ce925e4f71d57264368cd81b157a9bd433:0x453 
0x7a7362ce925e4f71d57264368cd81b157a9bd433:0x454 
0x7a7362ce925e4f71d57264368cd81b157a9bd433:0x455 
0x7a7362ce925e4f71d57264368cd81b157a9bd433:0x457 
0x7a7362ce925e4f71d57264368cd81b157a9bd433:0x458 
0x7a7362ce925e4f71d57264368cd81b157a9bd433:0x459 
0x7a7362ce925e4f71d57264368cd81b157a9bd433:0x46e 
0x7a7362ce925e4f71d57264368cd81b157a9bd433:0x46f 
0x7a7362ce925e4f71d57264368cd81b157a9bd433:0x484 
0x7a7362ce925e4f71d57264368cd81b157a9bd433:0x485 
0x7a7362ce925e4f71d57264368cd81b157a9bd433:0x486 
0x7a7362ce925e4f71d57264368cd81b157a9bd433:0x487 
0x7a7362ce925e4f71d57264368cd81b157a9bd433:0x489 
0x7a7362ce925e4f71d57264368cd81b157a9bd433:0x48a 
0x7a7362ce925e4f71d57264368cd81b157a9bd433:0x48b 
0x7a7362ce925e4f71d57264368cd81b157a9bd433:0x48c 
0x7a7362ce925e4f71d57264368cd81b157a9bd433:0x48d 
0x7a7362ce925e4f71d57264368cd81b157a9bd433:0x48f 
0x7a7362ce925e4f71d57264368cd81b157a9bd433:0x490 
0x7a7362ce925e4f71d57264368cd81b157a9bd433:0x492 
0x7a7362ce925e4f71d57264368cd81b157a9bd433:0x493 
0x7a7362ce925e4f71d57264368cd81b157a9bd433:0x494 
0x7a7362ce925e4f71d57264368cd81b157a9bd433:0x495 
0x7a7362ce925e4f71d57264368cd81b157a9bd433:0x496 
0x7a7362ce925e4f71d57264368cd81b157a9bd433:0x497 
0x7a7362ce925e4f71d57264368cd81b157a9bd433:0x498 
0x7a7362ce925e4f71d57264368cd81b157a9bd433:0x49a 
0x7a7362ce925e4f71d57264368cd81b157a9bd433:0x49b 
0x7a7362ce925e4f71d57264368cd81b157a9bd433:0x49c 
0x7a7362ce925e4f71d57264368cd81b157a9bd433:0x4b1 
0x7a7362ce925e4f71d57264368cd81b157a9bd433:0x4b2 
0x7a7362ce925e4f71d57264368cd81b157a9bd433:0x4c7 
0x7a7362ce925e4f71d57264368cd81b157a9bd433:0x4c8 
0x7a7362ce925e4f71d57264368cd81b157a9bd433:0x4c9 
0x7a7362ce925e4f71d57264368cd81b157a9bd433:0x4ca 
0x7a7362ce925e4f71d57264368cd81b157a9bd433:0x4cc 
0x7a7362ce925e4f71d57264368cd81b157a9bd433:0x4cd 
0x7a7362ce925e4f71d57264368cd81b157a9bd433:0x4ce 
0x7a7362ce925e4f71d57264368cd81b157a9bd433:0x4cf 
0x7a7362ce925e4f71d57264368cd81b157a9bd433:0x4d0 
0x7a7362ce925e4f71d57264368cd81b157a9bd433:0x4d2 
0x7a7362ce925e4f71d57264368cd81b157a9bd433:0x4d3 
0x7a7362ce925e4f71d57264368cd81b157a9bd433:0x4d5 
0x7a7362ce925e4f71d57264368cd81b157a9bd433:0x4d6 
0x7a7362ce925e4f71d57264368cd81b157a9bd433:0x4d8 
0x7a7362ce925e4f71d57264368cd81b157a9bd433:0x4d9 
0x7a7362ce925e4f71d57264368cd81b157a9bd433:0x4da 
0x7a7362ce925e4f71d57264368cd81b157a9bd433:0x4db 
0x7a7362ce925e4f71d57264368cd81b157a9bd433:0x4dc 
0x7a7362ce925e4f71d57264368cd81b157a9bd433:0x4dd 
0x7a7362ce925e4f71d57264368cd81b157a9bd433:0x4de 
0x7a7362ce925e4f71d57264368cd81b157a9bd433:0x4df 
0x7a7362ce925e4f71d57264368cd81b157a9bd433:0x4e0 
0x7a7362ce925e4f71d57264368cd81b157a9bd433:0x4e1 
0x7a7362ce925e4f71d57264368cd81b157a9bd433:0x4e2 
0x7a7362ce925e4f71d57264368cd81b157a9bd433:0x4e3 
0x7a7362ce925e4f71d57264368cd81b157a9bd433:0x504 
0x7a7362ce925e4f71d57264368cd81b157a9bd433:0x505 
0x7a7362ce925e4f71d57264368cd81b157a9bd433:0x506 
0x7a7362ce925e4f71d57264368cd81b157a9bd433:0x507 
0x7a7362ce925e4f71d57264368cd81b157a9bd433:0x509 
0x7a7362ce925e4f71d57264368cd81b157a9bd433:0x50a 
0x7a7362ce925e4f71d57264368cd81b157a9bd433:0x50b 
0x7a7362ce925e4f71d57264368cd81b157a9bd433:0x50c 
0x7a7362ce925e4f71d57264368cd81b157a9bd433:0x521 
0x7a7362ce925e4f71d57264368cd81b157a9bd433:0x522 
0x7a7362ce925e4f71d57264368cd81b157a9bd433:0x537 
0x7a7362ce925e4f71d57264368cd81b157a9bd433:0x538 
0x7a7362ce925e4f71d57264368cd81b157a9bd433:0x539 
0x7a7362ce925e4f71d57264368cd81b157a9bd433:0x53a 
0x7a7362ce925e4f71d57264368cd81b157a9bd433:0x53c 
0x7a7362ce925e4f71d57264368cd81b157a9bd433:0x53d 
0x7a7362ce925e4f71d57264368cd81b157a9bd433:0x53e 
0x7a7362ce925e4f71d57264368cd81b157a9bd433:0x553 
0x7a7362ce925e4f71d57264368cd81b157a9bd433:0x554 
0x7a7362ce925e4f71d57264368cd81b157a9bd433:0x569 
0x7a7362ce925e4f71d57264368cd81b157a9bd433:0x56a 
0x7a7362ce925e4f71d57264368cd81b157a9bd433:0x56b 
0x7a7362ce925e4f71d57264368cd81b157a9bd433:0x56c 
0x7a7362ce925e4f71d57264368cd81b157a9bd433:0x56e 
0x7a7362ce925e4f71d57264368cd81b157a9bd433:0x56f 
0x7a7362ce925e4f71d57264368cd81b157a9bd433:0x570 
0x7a7362ce925e4f71d57264368cd81b157a9bd433:0x571 
0x7a7362ce925e4f71d57264368cd81b157a9bd433:0x572 
0x7a7362ce925e4f71d57264368cd81b157a9bd433:0x574 
0x7a7362ce925e4f71d57264368cd81b157a9bd433:0x575 
0x7a7362ce925e4f71d57264368cd81b157a9bd433:0x576 
0x7a7362ce925e4f71d57264368cd81b157a9bd433:0x577 
0x7a7362ce925e4f71d57264368cd81b157a9bd433:0x578 
0x7a7362ce925e4f71d57264368cd81b157a9bd433:0x579 
0x7a7362ce925e4f71d57264368cd81b157a9bd433:0x57a 
0x7a7362ce925e4f71d57264368cd81b157a9bd433:0x57c 
0x7a7362ce925e4f71d57264368cd81b157a9bd433:0x57d 
0x7a7362ce925e4f71d57264368cd81b157a9bd433:0x57e 
0x7a7362ce925e4f71d57264368cd81b157a9bd433:0x57f 
0x7a7362ce925e4f71d57264368cd81b157a9bd433:0x580 
0x7a7362ce925e4f71d57264368cd81b157a9bd433:0x581 
0x7a7362ce925e4f71d57264368cd81b157a9bd433:0x582 
0x7a7362ce925e4f71d57264368cd81b157a9bd433:0x583 
0x7a7362ce925e4f71d57264368cd81b157a9bd433:0x584 
0x7a7362ce925e4f71d57264368cd81b157a9bd433:0x164 
0x7a7362ce925e4f71d57264368cd81b157a9bd433:0x165 
---
0x7a7362ce925e4f71d57264368cd81b157a9bd433:0x0 
0x7a7362ce925e4f71d57264368cd81b157a9bd433:0x2 
0x7a7362ce925e4f71d57264368cd81b157a9bd433:0x4 
0x7a7362ce925e4f71d57264368cd81b157a9bd433:0x5 
0x7a7362ce925e4f71d57264368cd81b157a9bd433:0x7 
0x7a7362ce925e4f71d57264368cd81b157a9bd433:0x8 
0x7a7362ce925e4f71d57264368cd81b157a9bd433:0x9 
0x7a7362ce925e4f71d57264368cd81b157a9bd433:0xc 
0x7a7362ce925e4f71d57264368cd81b157a9bd433:0xd 
0x7a7362ce925e4f71d57264368cd81b157a9bd433:0xf 
0x7a7362ce925e4f71d57264368cd81b157a9bd433:0x10 
0x7a7362ce925e4f71d57264368cd81b157a9bd433:0x2e 
0x7a7362ce925e4f71d57264368cd81b157a9bd433:0x2f 
0x7a7362ce925e4f71d57264368cd81b157a9bd433:0x30 
0x7a7362ce925e4f71d57264368cd81b157a9bd433:0x35 
0x7a7362ce925e4f71d57264368cd81b157a9bd433:0x36 
0x7a7362ce925e4f71d57264368cd81b157a9bd433:0x37 
0x7a7362ce925e4f71d57264368cd81b157a9bd433:0x3c 
0x7a7362ce925e4f71d57264368cd81b157a9bd433:0x3d 
0x7a7362ce925e4f71d57264368cd81b157a9bd433:0x40 
0x7a7362ce925e4f71d57264368cd81b157a9bd433:0x41 
0x7a7362ce925e4f71d57264368cd81b157a9bd433:0x42 
0x7a7362ce925e4f71d57264368cd81b157a9bd433:0x47 
0x7a7362ce925e4f71d57264368cd81b157a9bd433:0x48 
0x7a7362ce925e4f71d57264368cd81b157a9bd433:0x4b 
0x7a7362ce925e4f71d57264368cd81b157a9bd433:0xbe 
0x7a7362ce925e4f71d57264368cd81b157a9bd433:0xbf 
0x7a7362ce925e4f71d57264368cd81b157a9bd433:0xc0 
0x7a7362ce925e4f71d57264368cd81b157a9bd433:0xc1 
0x7a7362ce925e4f71d57264368cd81b157a9bd433:0xc2 
0x7a7362ce925e4f71d57264368cd81b157a9bd433:0xc5 
0x7a7362ce925e4f71d57264368cd81b157a9bd433:0xca 
0x7a7362ce925e4f71d57264368cd81b157a9bd433:0xcb 
0x7a7362ce925e4f71d57264368cd81b157a9bd433:0xcc 
0x7a7362ce925e4f71d57264368cd81b157a9bd433:0xcf 
0x7a7362ce925e4f71d57264368cd81b157a9bd433:0xd1 
0x7a7362ce925e4f71d57264368cd81b157a9bd433:0xd2 
0x7a7362ce925e4f71d57264368cd81b157a9bd433:0xd3 
0x7a7362ce925e4f71d57264368cd81b157a9bd433:0xd4 
0x7a7362ce925e4f71d57264368cd81b157a9bd433:0xd5 
0x7a7362ce925e4f71d57264368cd81b157a9bd433:0xd6 
0x7a7362ce925e4f71d57264368cd81b157a9bd433:0xd7 
0x7a7362ce925e4f71d57264368cd81b157a9bd433:0xd8 
0x7a7362ce925e4f71d57264368cd81b157a9bd433:0xd9 
0x7a7362ce925e4f71d57264368cd81b157a9bd433:0xda 
0x7a7362ce925e4f71d57264368cd81b157a9bd433:0xef 
0x7a7362ce925e4f71d57264368cd81b157a9bd433:0xf0 
0x7a7362ce925e4f71d57264368cd81b157a9bd433:0xf1 
0x7a7362ce925e4f71d57264368cd81b157a9bd433:0xf3 
0x7a7362ce925e4f71d57264368cd81b157a9bd433:0xf4 
0x7a7362ce925e4f71d57264368cd81b157a9bd433:0xf5 
0x7a7362ce925e4f71d57264368cd81b157a9bd433:0xf6 
0x7a7362ce925e4f71d57264368cd81b157a9bd433:0xf7 
0x7a7362ce925e4f71d57264368cd81b157a9bd433:0xf8 
0x7a7362ce925e4f71d57264368cd81b157a9bd433:0xf9 
0x7a7362ce925e4f71d57264368cd81b157a9bd433:0xfa 
0x7a7362ce925e4f71d57264368cd81b157a9bd433:0xfb 
0x7a7362ce925e4f71d57264368cd81b157a9bd433:0xfe 
0x7a7362ce925e4f71d57264368cd81b157a9bd433:0x195 
0x7a7362ce925e4f71d57264368cd81b157a9bd433:0x196 
0x7a7362ce925e4f71d57264368cd81b157a9bd433:0x198 
0x7a7362ce925e4f71d57264368cd81b157a9bd433:0x199 
0x7a7362ce925e4f71d57264368cd81b157a9bd433:0x19b 
0x7a7362ce925e4f71d57264368cd81b157a9bd433:0x19c 
0x7a7362ce925e4f71d57264368cd81b157a9bd433:0x19d 
0x7a7362ce925e4f71d57264368cd81b157a9bd433:0x1b2 
0x7a7362ce925e4f71d57264368cd81b157a9bd433:0x1b3 
0x7a7362ce925e4f71d57264368cd81b157a9bd433:0x1c8 
0x7a7362ce925e4f71d57264368cd81b157a9bd433:0x1c9 
0x7a7362ce925e4f71d57264368cd81b157a9bd433:0x1ca 
0x7a7362ce925e4f71d57264368cd81b157a9bd433:0x1cb 
0x7a7362ce925e4f71d57264368cd81b157a9bd433:0x1cd 
0x7a7362ce925e4f71d57264368cd81b157a9bd433:0x1ce 
0x7a7362ce925e4f71d57264368cd81b157a9bd433:0x1cf 
0x7a7362ce925e4f71d57264368cd81b157a9bd433:0x1d0 
0x7a7362ce925e4f71d57264368cd81b157a9bd433:0x1d1 
0x7a7362ce925e4f71d57264368cd81b157a9bd433:0x1d3 
0x7a7362ce925e4f71d57264368cd81b157a9bd433:0x1d4 
0x7a7362ce925e4f71d57264368cd81b157a9bd433:0x1d6 
0x7a7362ce925e4f71d57264368cd81b157a9bd433:0x1d7 
0x7a7362ce925e4f71d57264368cd81b157a9bd433:0x1d8 
0x7a7362ce925e4f71d57264368cd81b157a9bd433:0x1d9 
0x7a7362ce925e4f71d57264368cd81b157a9bd433:0x1da 
0x7a7362ce925e4f71d57264368cd81b157a9bd433:0x1dd 
0x7a7362ce925e4f71d57264368cd81b157a9bd433:0x1de 
0x7a7362ce925e4f71d57264368cd81b157a9bd433:0x1ff 
0x7a7362ce925e4f71d57264368cd81b157a9bd433:0x201 
0x7a7362ce925e4f71d57264368cd81b157a9bd433:0x202 
0x7a7362ce925e4f71d57264368cd81b157a9bd433:0x203 
0x7a7362ce925e4f71d57264368cd81b157a9bd433:0x218 
0x7a7362ce925e4f71d57264368cd81b157a9bd433:0x219 
0x7a7362ce925e4f71d57264368cd81b157a9bd433:0x22e 
0x7a7362ce925e4f71d57264368cd81b157a9bd433:0x22f 
0x7a7362ce925e4f71d57264368cd81b157a9bd433:0x230 
0x7a7362ce925e4f71d57264368cd81b157a9bd433:0x231 
0x7a7362ce925e4f71d57264368cd81b157a9bd433:0x233 
0x7a7362ce925e4f71d57264368cd81b157a9bd433:0x234 
0x7a7362ce925e4f71d57264368cd81b157a9bd433:0x235 
0x7a7362ce925e4f71d57264368cd81b157a9bd433:0x236 
0x7a7362ce925e4f71d57264368cd81b157a9bd433:0x237 
0x7a7362ce925e4f71d57264368cd81b157a9bd433:0x239 
0x7a7362ce925e4f71d57264368cd81b157a9bd433:0x23a 
0x7a7362ce925e4f71d57264368cd81b157a9bd433:0x23c 
0x7a7362ce925e4f71d57264368cd81b157a9bd433:0x23d 
0x7a7362ce925e4f71d57264368cd81b157a9bd433:0x23e 
0x7a7362ce925e4f71d57264368cd81b157a9bd433:0x240 
0x7a7362ce925e4f71d57264368cd81b157a9bd433:0x241 
0x7a7362ce925e4f71d57264368cd81b157a9bd433:0x242 
0x7a7362ce925e4f71d57264368cd81b157a9bd433:0x257 
0x7a7362ce925e4f71d57264368cd81b157a9bd433:0x258 
0x7a7362ce925e4f71d57264368cd81b157a9bd433:0x26d 
0x7a7362ce925e4f71d57264368cd81b157a9bd433:0x26e 
0x7a7362ce925e4f71d57264368cd81b157a9bd433:0x26f 
0x7a7362ce925e4f71d57264368cd81b157a9bd433:0x270 
0x7a7362ce925e4f71d57264368cd81b157a9bd433:0x272 
0x7a7362ce925e4f71d57264368cd81b157a9bd433:0x273 
0x7a7362ce925e4f71d57264368cd81b157a9bd433:0x274 
0x7a7362ce925e4f71d57264368cd81b157a9bd433:0x275 
0x7a7362ce925e4f71d57264368cd81b157a9bd433:0x276 
0x7a7362ce925e4f71d57264368cd81b157a9bd433:0x278 
0x7a7362ce925e4f71d57264368cd81b157a9bd433:0x279 
0x7a7362ce925e4f71d57264368cd81b157a9bd433:0x27b 
0x7a7362ce925e4f71d57264368cd81b157a9bd433:0x27c 
0x7a7362ce925e4f71d57264368cd81b157a9bd433:0x27d 
0x7a7362ce925e4f71d57264368cd81b157a9bd433:0x27f 
0x7a7362ce925e4f71d57264368cd81b157a9bd433:0x280 
0x7a7362ce925e4f71d57264368cd81b157a9bd433:0x281 
0x7a7362ce925e4f71d57264368cd81b157a9bd433:0x282 
0x7a7362ce925e4f71d57264368cd81b157a9bd433:0x283 
0x7a7362ce925e4f71d57264368cd81b157a9bd433:0x284 
0x7a7362ce925e4f71d57264368cd81b157a9bd433:0x286 
0x7a7362ce925e4f71d57264368cd81b157a9bd433:0x287 
0x7a7362ce925e4f71d57264368cd81b157a9bd433:0x288 
0x7a7362ce925e4f71d57264368cd81b157a9bd433:0x289 
0x7a7362ce925e4f71d57264368cd81b157a9bd433:0x28a 
0x7a7362ce925e4f71d57264368cd81b157a9bd433:0x28c 
0x7a7362ce925e4f71d57264368cd81b157a9bd433:0x28d 
0x7a7362ce925e4f71d57264368cd81b157a9bd433:0x28e 
0x7a7362ce925e4f71d57264368cd81b157a9bd433:0x28f 
0x7a7362ce925e4f71d57264368cd81b157a9bd433:0x290 
0x7a7362ce925e4f71d57264368cd81b157a9bd433:0x291 
0x7a7362ce925e4f71d57264368cd81b157a9bd433:0x293 
0x7a7362ce925e4f71d57264368cd81b157a9bd433:0x294 
0x7a7362ce925e4f71d57264368cd81b157a9bd433:0x295 
0x7a7362ce925e4f71d57264368cd81b157a9bd433:0x296 
0x7a7362ce925e4f71d57264368cd81b157a9bd433:0x297 
0x7a7362ce925e4f71d57264368cd81b157a9bd433:0x298 
0x7a7362ce925e4f71d57264368cd81b157a9bd433:0x299 
0x7a7362ce925e4f71d57264368cd81b157a9bd433:0x29b 
0x7a7362ce925e4f71d57264368cd81b157a9bd433:0x29c 
